/home/cuckydev/CSE2Plus/game_english/data/base/Loading.bmp,1
/home/cuckydev/CSE2Plus/game_english/data/base/MyChar.bmp,1
/home/cuckydev/CSE2Plus/game_english/data/base/Title.bmp,1
/home/cuckydev/CSE2Plus/game_english/data/base/ArmsImage.bmp,1
/home/cuckydev/CSE2Plus/game_english/data/base/Arms.bmp,1
/home/cuckydev/CSE2Plus/game_english/data/base/ItemImage.bmp,1
/home/cuckydev/CSE2Plus/game_english/data/base/StageImage.bmp,1
/home/cuckydev/CSE2Plus/game_english/data/base/Npc/NpcSym.bmp,1
/home/cuckydev/CSE2Plus/game_english/data/base/Npc/NpcRegu.bmp,1
/home/cuckydev/CSE2Plus/game_english/data/base/TextBox.bmp,1
/home/cuckydev/CSE2Plus/game_english/data/base/Caret.bmp,1
/home/cuckydev/CSE2Plus/game_english/data/base/Bullet.bmp,1
/home/cuckydev/CSE2Plus/game_english/data/base/Face.bmp,1
/home/cuckydev/CSE2Plus/game_english/data/base/Fade.bmp,1
/home/cuckydev/CSE2Plus/game_english/data/base/Loading.bmp,1
/home/cuckydev/CSE2Plus/game_english/data/base/MyChar.bmp,1
/home/cuckydev/CSE2Plus/game_english/data/base/Title.bmp,1
/home/cuckydev/CSE2Plus/game_english/data/base/ArmsImage.bmp,1
/home/cuckydev/CSE2Plus/game_english/data/base/Arms.bmp,1
/home/cuckydev/CSE2Plus/game_english/data/base/ItemImage.bmp,1
/home/cuckydev/CSE2Plus/game_english/data/base/StageImage.bmp,1
/home/cuckydev/CSE2Plus/game_english/data/base/Npc/NpcSym.bmp,1
/home/cuckydev/CSE2Plus/game_english/data/base/Npc/NpcRegu.bmp,1
/home/cuckydev/CSE2Plus/game_english/data/base/TextBox.bmp,1
/home/cuckydev/CSE2Plus/game_english/data/base/Caret.bmp,1
/home/cuckydev/CSE2Plus/game_english/data/base/Bullet.bmp,1
/home/cuckydev/CSE2Plus/game_english/data/base/Face.bmp,1
/home/cuckydev/CSE2Plus/game_english/data/base/Fade.bmp,1
Loading,1
Nicalis,1
MyChar,1
Title,1
ArmsImage,1
UI,1
Arms,1
ItemImage,1
StageImage,1
Npc/NpcSym,1
Npc/NpcRegu,1
TextBox,1
Caret,1
Bullet,1
Face,1
Fade,1
CREDIT01,1
Loading,1
Nicalis,1
MyChar,1
Title,1
ArmsImage,1
UI,1
Arms,1
ItemImage,1
StageImage,1
Npc/NpcSym,1
Npc/NpcRegu,1
TextBox,1
Caret,1
Bullet,1
Face,1
Fade,1
CREDIT01,1
Loading,1
Nicalis,1
MyChar,1
Title,1
ArmsImage,1
UI,1
Arms,1
ItemImage,1
StageImage,1
Npc/NpcSym,1
Npc/NpcRegu,1
TextBox,1
Caret,1
Bullet,1
Face,1
Fade,1
CREDIT01,1
Loading,1
Nicalis,1
MyChar,1
Title,1
ArmsImage,1
UI,1
Arms,1
ItemImage,1
StageImage,1
Npc/NpcSym,1
Npc/NpcRegu,1
TextBox,1
Caret,1
Bullet,1
Face,1
Fade,1
CREDIT01,1
Loading,1
Nicalis,1
MyChar,1
Title,1
ArmsImage,1
UI,1
Arms,1
ItemImage,1
StageImage,1
Npc/NpcSym,1
Npc/NpcRegu,1
TextBox,1
Caret,1
Bullet,1
Face,1
Fade,1
CREDIT01,1
